{"TimeStamp":"2023-05-25 11:56:59","EventLevel":"Information","ComputerName":"HOME","WindowsUser":"Rabi3","Message":"Application start","Exception":null,"User":{"email":null,"Name":" ","UserProfile":null},"Order":null,"OrderItem":null}
{"TimeStamp":"2023-05-25 11:57:44","EventLevel":"Information","ComputerName":"HOME","WindowsUser":"Rabi3","Message":"Logged in","Exception":null,"User":{"email":"easytosmoke@outlook.com","Name":"Claus Nordsøn","UserProfile":"SuperAdmin"},"Order":null,"OrderItem":null}
{"TimeStamp":"2023-05-25 11:58:15","EventLevel":"Information","ComputerName":"HOME","WindowsUser":"Rabi3","Message":"ShipMondo info's saved successfully","Exception":null,"User":{"email":"easytosmoke@outlook.com","Name":"Claus Nordsøn","UserProfile":"SuperAdmin"},"Order":null,"OrderItem":null}
{"TimeStamp":"2023-05-25 11:58:28","EventLevel":"Information","ComputerName":"HOME","WindowsUser":"Rabi3","Message":"Logged out","Exception":null,"User":{"email":"easytosmoke@outlook.com","Name":"Claus Nordsøn","UserProfile":"SuperAdmin"},"Order":null,"OrderItem":null}
{"TimeStamp":"2023-05-25 11:58:28","EventLevel":"Information","ComputerName":"HOME","WindowsUser":"Rabi3","Message":"Application Closed","Exception":null,"User":{"email":"easytosmoke@outlook.com","Name":"Claus Nordsøn","UserProfile":"SuperAdmin"},"Order":null,"OrderItem":null}
{"TimeStamp":"2023-05-25 11:59:43","EventLevel":"Information","ComputerName":"HOME","WindowsUser":"Rabi3","Message":"Application start","Exception":null,"User":{"email":null,"Name":" ","UserProfile":null},"Order":null,"OrderItem":null}
{"TimeStamp":"2023-05-25 11:59:59","EventLevel":"Information","ComputerName":"HOME","WindowsUser":"Rabi3","Message":"Logged in","Exception":null,"User":{"email":"easytosmoke@outlook.com","Name":"Claus Nordsøn","UserProfile":"SuperAdmin"},"Order":null,"OrderItem":null}
{"TimeStamp":"2023-05-26 12:00:43","EventLevel":"Information","ComputerName":"HOME","WindowsUser":"Rabi3","Message":"Logged out","Exception":null,"User":{"email":"easytosmoke@outlook.com","Name":"Claus Nordsøn","UserProfile":"SuperAdmin"},"Order":null,"OrderItem":null}
{"TimeStamp":"2023-05-26 12:00:43","EventLevel":"Information","ComputerName":"HOME","WindowsUser":"Rabi3","Message":"Application Closed","Exception":null,"User":{"email":"easytosmoke@outlook.com","Name":"Claus Nordsøn","UserProfile":"SuperAdmin"},"Order":null,"OrderItem":null}
{"TimeStamp":"2023-05-26 12:10:12","EventLevel":"Information","ComputerName":"HOME","WindowsUser":"Rabi3","Message":"Application start","Exception":null,"User":{"email":null,"Name":" ","UserProfile":null},"Order":null,"OrderItem":null}
{"TimeStamp":"2023-05-26 12:10:34","EventLevel":"Information","ComputerName":"HOME","WindowsUser":"Rabi3","Message":"Logged in","Exception":null,"User":{"email":"easytosmoke@outlook.com","Name":"Claus Nordsøn","UserProfile":"SuperAdmin"},"Order":null,"OrderItem":null}
{"TimeStamp":"2023-05-26 12:10:44","EventLevel":"Information","ComputerName":"HOME","WindowsUser":"Rabi3","Message":"Logged out","Exception":null,"User":{"email":"easytosmoke@outlook.com","Name":"Claus Nordsøn","UserProfile":"SuperAdmin"},"Order":null,"OrderItem":null}
{"TimeStamp":"2023-05-26 12:10:44","EventLevel":"Information","ComputerName":"HOME","WindowsUser":"Rabi3","Message":"Application Closed","Exception":null,"User":{"email":"easytosmoke@outlook.com","Name":"Claus Nordsøn","UserProfile":"SuperAdmin"},"Order":null,"OrderItem":null}
{"TimeStamp":"2023-05-26 12:19:18","EventLevel":"Information","ComputerName":"HOME","WindowsUser":"Rabi3","Message":"Application start","Exception":null,"User":{"email":null,"Name":" ","UserProfile":null},"Order":null,"OrderItem":null}
{"TimeStamp":"2023-05-26 12:19:36","EventLevel":"Information","ComputerName":"HOME","WindowsUser":"Rabi3","Message":"Logged in","Exception":null,"User":{"email":"easytosmoke@outlook.com","Name":"Claus Nordsøn","UserProfile":"SuperAdmin"},"Order":null,"OrderItem":null}
{"TimeStamp":"2023-05-26 12:20:23","EventLevel":"Information","ComputerName":"HOME","WindowsUser":"Rabi3","Message":"Logged out","Exception":null,"User":{"email":"easytosmoke@outlook.com","Name":"Claus Nordsøn","UserProfile":"SuperAdmin"},"Order":null,"OrderItem":null}
{"TimeStamp":"2023-05-26 12:20:23","EventLevel":"Information","ComputerName":"HOME","WindowsUser":"Rabi3","Message":"Application Closed","Exception":null,"User":{"email":"easytosmoke@outlook.com","Name":"Claus Nordsøn","UserProfile":"SuperAdmin"},"Order":null,"OrderItem":null}
{"TimeStamp":"2023-05-26 12:25:13","EventLevel":"Information","ComputerName":"HOME","WindowsUser":"Rabi3","Message":"Application start","Exception":null,"User":{"email":null,"Name":" ","UserProfile":null},"Order":null,"OrderItem":null}
{"TimeStamp":"2023-05-26 12:25:30","EventLevel":"Information","ComputerName":"HOME","WindowsUser":"Rabi3","Message":"Logged in","Exception":null,"User":{"email":"easytosmoke@outlook.com","Name":"Claus Nordsøn","UserProfile":"SuperAdmin"},"Order":null,"OrderItem":null}
{"TimeStamp":"2023-05-26 12:26:15","EventLevel":"Information","ComputerName":"HOME","WindowsUser":"Rabi3","Message":"ShipMondo info's saved successfully","Exception":null,"User":{"email":"easytosmoke@outlook.com","Name":"Claus Nordsøn","UserProfile":"SuperAdmin"},"Order":null,"OrderItem":null}
{"TimeStamp":"2023-05-26 12:26:33","EventLevel":"Information","ComputerName":"HOME","WindowsUser":"Rabi3","Message":"Logged out","Exception":null,"User":{"email":"easytosmoke@outlook.com","Name":"Claus Nordsøn","UserProfile":"SuperAdmin"},"Order":null,"OrderItem":null}
{"TimeStamp":"2023-05-26 12:26:33","EventLevel":"Information","ComputerName":"HOME","WindowsUser":"Rabi3","Message":"Application Closed","Exception":null,"User":{"email":"easytosmoke@outlook.com","Name":"Claus Nordsøn","UserProfile":"SuperAdmin"},"Order":null,"OrderItem":null}
{"TimeStamp":"2023-05-27 11:29:05","EventLevel":"Information","ComputerName":"HOME","WindowsUser":"Rabi3","Message":"Application start","Exception":null,"User":{"email":null,"Name":" ","UserProfile":null},"Order":null,"OrderItem":null}
{"TimeStamp":"2023-05-27 11:29:24","EventLevel":"Information","ComputerName":"HOME","WindowsUser":"Rabi3","Message":"Logged in","Exception":null,"User":{"email":"easytosmoke@outlook.com","Name":"Claus Nordsøn","UserProfile":"SuperAdmin"},"Order":null,"OrderItem":null}
{"TimeStamp":"2023-05-27 11:30:14","EventLevel":"Information","ComputerName":"HOME","WindowsUser":"Rabi3","Message":"Logged out","Exception":null,"User":{"email":"easytosmoke@outlook.com","Name":"Claus Nordsøn","UserProfile":"SuperAdmin"},"Order":null,"OrderItem":null}
{"TimeStamp":"2023-05-27 11:30:14","EventLevel":"Information","ComputerName":"HOME","WindowsUser":"Rabi3","Message":"Application Closed","Exception":null,"User":{"email":"easytosmoke@outlook.com","Name":"Claus Nordsøn","UserProfile":"SuperAdmin"},"Order":null,"OrderItem":null}
{"TimeStamp":"2023-05-29 12:01:19","EventLevel":"Information","ComputerName":"HOME","WindowsUser":"Rabi3","Message":"Application start","Exception":null,"User":{"email":null,"Name":" ","UserProfile":null},"Order":null,"OrderItem":null}
{"TimeStamp":"2023-05-29 12:01:40","EventLevel":"Information","ComputerName":"HOME","WindowsUser":"Rabi3","Message":"Logged in","Exception":null,"User":{"email":"easytosmoke@outlook.com","Name":"Claus Nordsøn","UserProfile":"SuperAdmin"},"Order":null,"OrderItem":null}
{"TimeStamp":"2023-05-29 12:02:57","EventLevel":"Information","ComputerName":"HOME","WindowsUser":"Rabi3","Message":"Logged out","Exception":null,"User":{"email":"easytosmoke@outlook.com","Name":"Claus Nordsøn","UserProfile":"SuperAdmin"},"Order":null,"OrderItem":null}
{"TimeStamp":"2023-05-29 12:02:57","EventLevel":"Information","ComputerName":"HOME","WindowsUser":"Rabi3","Message":"Application Closed","Exception":null,"User":{"email":"easytosmoke@outlook.com","Name":"Claus Nordsøn","UserProfile":"SuperAdmin"},"Order":null,"OrderItem":null}
{"TimeStamp":"2023-05-29 12:15:27","EventLevel":"Information","ComputerName":"HOME","WindowsUser":"Rabi3","Message":"Application start","Exception":null,"User":{"email":null,"Name":" ","UserProfile":null},"Order":null,"OrderItem":null}
{"TimeStamp":"2023-05-29 12:15:44","EventLevel":"Information","ComputerName":"HOME","WindowsUser":"Rabi3","Message":"Logged in","Exception":null,"User":{"email":"easytosmoke@outlook.com","Name":"Claus Nordsøn","UserProfile":"SuperAdmin"},"Order":null,"OrderItem":null}
{"TimeStamp":"2023-05-29 12:15:58","EventLevel":"Information","ComputerName":"HOME","WindowsUser":"Rabi3","Message":"Logged out","Exception":null,"User":{"email":"easytosmoke@outlook.com","Name":"Claus Nordsøn","UserProfile":"SuperAdmin"},"Order":null,"OrderItem":null}
{"TimeStamp":"2023-05-29 12:15:58","EventLevel":"Information","ComputerName":"HOME","WindowsUser":"Rabi3","Message":"Application Closed","Exception":null,"User":{"email":"easytosmoke@outlook.com","Name":"Claus Nordsøn","UserProfile":"SuperAdmin"},"Order":null,"OrderItem":null}
