{"TimeStamp":"2021-09-23 12:37:20","EventLevel":"Information","ComputerName":"HOME","WindowsUser":"Rabi3","Message":"Application start","Exception":null,"User":{"email":null,"Name":" ","UserProfile":null},"Order":null,"OrderItem":null}
{"TimeStamp":"2021-09-23 12:38:29","EventLevel":"Information","ComputerName":"HOME","WindowsUser":"Rabi3","Message":"Logged in","Exception":null,"User":{"email":"Rabih@easyto.shop","Name":"Rabih Kobaissi","UserProfile":"SuperAdmin"},"Order":null,"OrderItem":null}
{"TimeStamp":"2021-09-23 12:38:53","EventLevel":"Information","ComputerName":"HOME","WindowsUser":"Rabi3","Message":"Logged out","Exception":null,"User":{"email":"Rabih@easyto.shop","Name":"Rabih Kobaissi","UserProfile":"SuperAdmin"},"Order":null,"OrderItem":null}
{"TimeStamp":"2021-09-23 12:38:53","EventLevel":"Information","ComputerName":"HOME","WindowsUser":"Rabi3","Message":"Application Closed","Exception":null,"User":{"email":"Rabih@easyto.shop","Name":"Rabih Kobaissi","UserProfile":"SuperAdmin"},"Order":null,"OrderItem":null}
{"TimeStamp":"2021-09-23 12:39:33","EventLevel":"Information","ComputerName":"HOME","WindowsUser":"Rabi3","Message":"Application start","Exception":null,"User":{"email":null,"Name":" ","UserProfile":null},"Order":null,"OrderItem":null}
{"TimeStamp":"2021-09-23 12:39:48","EventLevel":"Information","ComputerName":"HOME","WindowsUser":"Rabi3","Message":"Logged in","Exception":null,"User":{"email":"Rabih@easyto.shop","Name":"Rabih Kobaissi","UserProfile":"SuperAdmin"},"Order":null,"OrderItem":null}
{"TimeStamp":"2021-09-23 12:40:09","EventLevel":"Information","ComputerName":"HOME","WindowsUser":"Rabi3","Message":"I agree checked status is False","Exception":null,"User":{"email":"Rabih@easyto.shop","Name":"Rabih Kobaissi","UserProfile":"SuperAdmin"},"Order":null,"OrderItem":null}
{"TimeStamp":"2021-09-23 12:40:11","EventLevel":"Information","ComputerName":"HOME","WindowsUser":"Rabi3","Message":"I agree checked status is True","Exception":null,"User":{"email":"Rabih@easyto.shop","Name":"Rabih Kobaissi","UserProfile":"SuperAdmin"},"Order":null,"OrderItem":null}
{"TimeStamp":"2021-09-23 12:40:11","EventLevel":"Information","ComputerName":"HOME","WindowsUser":"Rabi3","Message":"Order Loaded Successfully","Exception":null,"User":{"email":"Rabih@easyto.shop","Name":"Rabih Kobaissi","UserProfile":"SuperAdmin"},"Order":{"OrderId":26,"reference ":"QITNUNLUP","Date":"2021-07-13 11:45:13"},"OrderItem":null}
{"TimeStamp":"2021-09-23 12:40:40","EventLevel":"Information","ComputerName":"HOME","WindowsUser":"Rabi3","Message":"I agree checked status is True","Exception":null,"User":{"email":"Rabih@easyto.shop","Name":"Rabih Kobaissi","UserProfile":"SuperAdmin"},"Order":null,"OrderItem":null}
{"TimeStamp":"2021-09-23 12:40:40","EventLevel":"Information","ComputerName":"HOME","WindowsUser":"Rabi3","Message":"Order Loaded Successfully","Exception":null,"User":{"email":"Rabih@easyto.shop","Name":"Rabih Kobaissi","UserProfile":"SuperAdmin"},"Order":{"OrderId":26,"reference ":"QITNUNLUP","Date":"2021-07-13 11:45:13"},"OrderItem":null}
{"TimeStamp":"2021-09-23 12:41:03","EventLevel":"Information","ComputerName":"HOME","WindowsUser":"Rabi3","Message":"I agree checked status is False","Exception":null,"User":{"email":"Rabih@easyto.shop","Name":"Rabih Kobaissi","UserProfile":"SuperAdmin"},"Order":null,"OrderItem":null}
{"TimeStamp":"2021-09-23 12:41:04","EventLevel":"Information","ComputerName":"HOME","WindowsUser":"Rabi3","Message":"I agree checked status is False","Exception":null,"User":{"email":"Rabih@easyto.shop","Name":"Rabih Kobaissi","UserProfile":"SuperAdmin"},"Order":null,"OrderItem":null}
{"TimeStamp":"2021-09-23 12:41:04","EventLevel":"Information","ComputerName":"HOME","WindowsUser":"Rabi3","Message":"I agree checked status is False","Exception":null,"User":{"email":"Rabih@easyto.shop","Name":"Rabih Kobaissi","UserProfile":"SuperAdmin"},"Order":null,"OrderItem":null}
{"TimeStamp":"2021-09-23 12:41:04","EventLevel":"Information","ComputerName":"HOME","WindowsUser":"Rabi3","Message":"I agree checked status is False","Exception":null,"User":{"email":"Rabih@easyto.shop","Name":"Rabih Kobaissi","UserProfile":"SuperAdmin"},"Order":null,"OrderItem":null}
{"TimeStamp":"2021-09-23 12:41:05","EventLevel":"Information","ComputerName":"HOME","WindowsUser":"Rabi3","Message":"I agree checked status is False","Exception":null,"User":{"email":"Rabih@easyto.shop","Name":"Rabih Kobaissi","UserProfile":"SuperAdmin"},"Order":null,"OrderItem":null}
{"TimeStamp":"2021-09-23 12:41:05","EventLevel":"Information","ComputerName":"HOME","WindowsUser":"Rabi3","Message":"I agree checked status is False","Exception":null,"User":{"email":"Rabih@easyto.shop","Name":"Rabih Kobaissi","UserProfile":"SuperAdmin"},"Order":null,"OrderItem":null}
{"TimeStamp":"2021-09-23 12:41:05","EventLevel":"Information","ComputerName":"HOME","WindowsUser":"Rabi3","Message":"I agree checked status is False","Exception":null,"User":{"email":"Rabih@easyto.shop","Name":"Rabih Kobaissi","UserProfile":"SuperAdmin"},"Order":null,"OrderItem":null}
{"TimeStamp":"2021-09-23 12:41:05","EventLevel":"Information","ComputerName":"HOME","WindowsUser":"Rabi3","Message":"I agree checked status is False","Exception":null,"User":{"email":"Rabih@easyto.shop","Name":"Rabih Kobaissi","UserProfile":"SuperAdmin"},"Order":null,"OrderItem":null}
{"TimeStamp":"2021-09-23 12:41:05","EventLevel":"Information","ComputerName":"HOME","WindowsUser":"Rabi3","Message":"I agree checked status is False","Exception":null,"User":{"email":"Rabih@easyto.shop","Name":"Rabih Kobaissi","UserProfile":"SuperAdmin"},"Order":null,"OrderItem":null}
{"TimeStamp":"2021-09-23 12:41:07","EventLevel":"Information","ComputerName":"HOME","WindowsUser":"Rabi3","Message":"I agree checked status is True","Exception":null,"User":{"email":"Rabih@easyto.shop","Name":"Rabih Kobaissi","UserProfile":"SuperAdmin"},"Order":null,"OrderItem":null}
{"TimeStamp":"2021-09-23 12:41:07","EventLevel":"Information","ComputerName":"HOME","WindowsUser":"Rabi3","Message":"Order Loaded Successfully","Exception":null,"User":{"email":"Rabih@easyto.shop","Name":"Rabih Kobaissi","UserProfile":"SuperAdmin"},"Order":{"OrderId":26,"reference ":"QITNUNLUP","Date":"2021-07-13 11:45:13"},"OrderItem":null}
{"TimeStamp":"2021-09-23 12:41:18","EventLevel":"Information","ComputerName":"HOME","WindowsUser":"Rabi3","Message":"Logged out","Exception":null,"User":{"email":"Rabih@easyto.shop","Name":"Rabih Kobaissi","UserProfile":"SuperAdmin"},"Order":null,"OrderItem":null}
{"TimeStamp":"2021-09-23 12:41:18","EventLevel":"Information","ComputerName":"HOME","WindowsUser":"Rabi3","Message":"Application Closed","Exception":null,"User":{"email":"Rabih@easyto.shop","Name":"Rabih Kobaissi","UserProfile":"SuperAdmin"},"Order":null,"OrderItem":null}
{"TimeStamp":"2021-09-23 12:41:18","EventLevel":"Information","ComputerName":"HOME","WindowsUser":"Rabi3","Message":"Logged out","Exception":null,"User":{"email":"Rabih@easyto.shop","Name":"Rabih Kobaissi","UserProfile":"SuperAdmin"},"Order":null,"OrderItem":null}
{"TimeStamp":"2021-09-23 12:41:18","EventLevel":"Information","ComputerName":"HOME","WindowsUser":"Rabi3","Message":"Application Closed","Exception":null,"User":{"email":"Rabih@easyto.shop","Name":"Rabih Kobaissi","UserProfile":"SuperAdmin"},"Order":null,"OrderItem":null}
{"TimeStamp":"2021-09-23 12:41:19","EventLevel":"Information","ComputerName":"HOME","WindowsUser":"Rabi3","Message":"Logged out","Exception":null,"User":{"email":"Rabih@easyto.shop","Name":"Rabih Kobaissi","UserProfile":"SuperAdmin"},"Order":null,"OrderItem":null}
{"TimeStamp":"2021-09-23 12:41:19","EventLevel":"Information","ComputerName":"HOME","WindowsUser":"Rabi3","Message":"Application Closed","Exception":null,"User":{"email":"Rabih@easyto.shop","Name":"Rabih Kobaissi","UserProfile":"SuperAdmin"},"Order":null,"OrderItem":null}
{"TimeStamp":"2021-09-23 12:43:14","EventLevel":"Information","ComputerName":"HOME","WindowsUser":"Rabi3","Message":"Application start","Exception":null,"User":{"email":null,"Name":" ","UserProfile":null},"Order":null,"OrderItem":null}
{"TimeStamp":"2021-09-23 12:43:29","EventLevel":"Information","ComputerName":"HOME","WindowsUser":"Rabi3","Message":"Logged in","Exception":null,"User":{"email":"Rabih@easyto.shop","Name":"Rabih Kobaissi","UserProfile":"SuperAdmin"},"Order":null,"OrderItem":null}
{"TimeStamp":"2021-09-23 12:43:49","EventLevel":"Information","ComputerName":"HOME","WindowsUser":"Rabi3","Message":"I agree checked status is False","Exception":null,"User":{"email":"Rabih@easyto.shop","Name":"Rabih Kobaissi","UserProfile":"SuperAdmin"},"Order":null,"OrderItem":null}
{"TimeStamp":"2021-09-23 12:43:52","EventLevel":"Information","ComputerName":"HOME","WindowsUser":"Rabi3","Message":"I agree checked status is True","Exception":null,"User":{"email":"Rabih@easyto.shop","Name":"Rabih Kobaissi","UserProfile":"SuperAdmin"},"Order":null,"OrderItem":null}
{"TimeStamp":"2021-09-23 12:43:52","EventLevel":"Information","ComputerName":"HOME","WindowsUser":"Rabi3","Message":"Order Loaded Successfully","Exception":null,"User":{"email":"Rabih@easyto.shop","Name":"Rabih Kobaissi","UserProfile":"SuperAdmin"},"Order":{"OrderId":26,"reference ":"QITNUNLUP","Date":"2021-07-13 11:45:13"},"OrderItem":null}
{"TimeStamp":"2021-09-23 12:50:18","EventLevel":"Information","ComputerName":"HOME","WindowsUser":"Rabi3","Message":"I agree checked status is True","Exception":null,"User":{"email":"Rabih@easyto.shop","Name":"Rabih Kobaissi","UserProfile":"SuperAdmin"},"Order":null,"OrderItem":null}
{"TimeStamp":"2021-09-23 12:50:18","EventLevel":"Information","ComputerName":"HOME","WindowsUser":"Rabi3","Message":"Order Loaded Successfully","Exception":null,"User":{"email":"Rabih@easyto.shop","Name":"Rabih Kobaissi","UserProfile":"SuperAdmin"},"Order":{"OrderId":26,"reference ":"QITNUNLUP","Date":"2021-07-13 11:45:13"},"OrderItem":null}
{"TimeStamp":"2021-09-23 12:50:20","EventLevel":"Information","ComputerName":"HOME","WindowsUser":"Rabi3","Message":"Logged out","Exception":null,"User":{"email":"Rabih@easyto.shop","Name":"Rabih Kobaissi","UserProfile":"SuperAdmin"},"Order":null,"OrderItem":null}
{"TimeStamp":"2021-09-23 12:50:20","EventLevel":"Information","ComputerName":"HOME","WindowsUser":"Rabi3","Message":"Application Closed","Exception":null,"User":{"email":"Rabih@easyto.shop","Name":"Rabih Kobaissi","UserProfile":"SuperAdmin"},"Order":null,"OrderItem":null}
{"TimeStamp":"2021-09-23 12:51:36","EventLevel":"Information","ComputerName":"HOME","WindowsUser":"Rabi3","Message":"Application start","Exception":null,"User":{"email":null,"Name":" ","UserProfile":null},"Order":null,"OrderItem":null}
{"TimeStamp":"2021-09-23 12:51:50","EventLevel":"Information","ComputerName":"HOME","WindowsUser":"Rabi3","Message":"Logged in","Exception":null,"User":{"email":"Rabih@easyto.shop","Name":"Rabih Kobaissi","UserProfile":"SuperAdmin"},"Order":null,"OrderItem":null}
{"TimeStamp":"2021-09-23 12:52:58","EventLevel":"Information","ComputerName":"HOME","WindowsUser":"Rabi3","Message":"Logged out","Exception":null,"User":{"email":"Rabih@easyto.shop","Name":"Rabih Kobaissi","UserProfile":"SuperAdmin"},"Order":null,"OrderItem":null}
{"TimeStamp":"2021-09-23 12:52:58","EventLevel":"Information","ComputerName":"HOME","WindowsUser":"Rabi3","Message":"Application Closed","Exception":null,"User":{"email":"Rabih@easyto.shop","Name":"Rabih Kobaissi","UserProfile":"SuperAdmin"},"Order":null,"OrderItem":null}
{"TimeStamp":"2021-09-23 12:53:01","EventLevel":"Information","ComputerName":"HOME","WindowsUser":"Rabi3","Message":"Application start","Exception":null,"User":{"email":null,"Name":" ","UserProfile":null},"Order":null,"OrderItem":null}
{"TimeStamp":"2021-09-23 12:53:14","EventLevel":"Information","ComputerName":"HOME","WindowsUser":"Rabi3","Message":"Logged in","Exception":null,"User":{"email":"Rabih@easyto.shop","Name":"Rabih Kobaissi","UserProfile":"SuperAdmin"},"Order":null,"OrderItem":null}
{"TimeStamp":"2021-09-23 12:53:57","EventLevel":"Information","ComputerName":"HOME","WindowsUser":"Rabi3","Message":"I agree checked status is True","Exception":null,"User":{"email":"Rabih@easyto.shop","Name":"Rabih Kobaissi","UserProfile":"SuperAdmin"},"Order":null,"OrderItem":null}
{"TimeStamp":"2021-09-23 12:53:57","EventLevel":"Information","ComputerName":"HOME","WindowsUser":"Rabi3","Message":"Order Loaded Successfully","Exception":null,"User":{"email":"Rabih@easyto.shop","Name":"Rabih Kobaissi","UserProfile":"SuperAdmin"},"Order":{"OrderId":26,"reference ":"QITNUNLUP","Date":"2021-07-13 11:45:13"},"OrderItem":null}
{"TimeStamp":"2021-09-23 12:54:22","EventLevel":"Information","ComputerName":"HOME","WindowsUser":"Rabi3","Message":"Logged out","Exception":null,"User":{"email":"Rabih@easyto.shop","Name":"Rabih Kobaissi","UserProfile":"SuperAdmin"},"Order":null,"OrderItem":null}
{"TimeStamp":"2021-09-23 12:54:22","EventLevel":"Information","ComputerName":"HOME","WindowsUser":"Rabi3","Message":"Application Closed","Exception":null,"User":{"email":"Rabih@easyto.shop","Name":"Rabih Kobaissi","UserProfile":"SuperAdmin"},"Order":null,"OrderItem":null}
{"TimeStamp":"2021-09-23 12:54:33","EventLevel":"Information","ComputerName":"HOME","WindowsUser":"Rabi3","Message":"Application start","Exception":null,"User":{"email":null,"Name":" ","UserProfile":null},"Order":null,"OrderItem":null}
{"TimeStamp":"2021-09-23 12:54:47","EventLevel":"Information","ComputerName":"HOME","WindowsUser":"Rabi3","Message":"Logged in","Exception":null,"User":{"email":"Rabih@easyto.shop","Name":"Rabih Kobaissi","UserProfile":"SuperAdmin"},"Order":null,"OrderItem":null}
{"TimeStamp":"2021-09-23 12:55:00","EventLevel":"Information","ComputerName":"HOME","WindowsUser":"Rabi3","Message":"I agree checked status is False","Exception":null,"User":{"email":"Rabih@easyto.shop","Name":"Rabih Kobaissi","UserProfile":"SuperAdmin"},"Order":null,"OrderItem":null}
{"TimeStamp":"2021-09-23 12:55:01","EventLevel":"Information","ComputerName":"HOME","WindowsUser":"Rabi3","Message":"I agree checked status is True","Exception":null,"User":{"email":"Rabih@easyto.shop","Name":"Rabih Kobaissi","UserProfile":"SuperAdmin"},"Order":null,"OrderItem":null}
{"TimeStamp":"2021-09-23 12:55:01","EventLevel":"Information","ComputerName":"HOME","WindowsUser":"Rabi3","Message":"Order Loaded Successfully","Exception":null,"User":{"email":"Rabih@easyto.shop","Name":"Rabih Kobaissi","UserProfile":"SuperAdmin"},"Order":{"OrderId":26,"reference ":"QITNUNLUP","Date":"2021-07-13 11:45:13"},"OrderItem":null}
{"TimeStamp":"2021-09-23 12:55:04","EventLevel":"Information","ComputerName":"HOME","WindowsUser":"Rabi3","Message":"Logged out","Exception":null,"User":{"email":"Rabih@easyto.shop","Name":"Rabih Kobaissi","UserProfile":"SuperAdmin"},"Order":null,"OrderItem":null}
{"TimeStamp":"2021-09-23 12:55:04","EventLevel":"Information","ComputerName":"HOME","WindowsUser":"Rabi3","Message":"Application Closed","Exception":null,"User":{"email":"Rabih@easyto.shop","Name":"Rabih Kobaissi","UserProfile":"SuperAdmin"},"Order":null,"OrderItem":null}
{"TimeStamp":"2021-09-23 01:21:55","EventLevel":"Information","ComputerName":"HOME","WindowsUser":"Rabi3","Message":"Application start","Exception":null,"User":{"email":null,"Name":" ","UserProfile":null},"Order":null,"OrderItem":null}
{"TimeStamp":"2021-09-23 01:22:09","EventLevel":"Information","ComputerName":"HOME","WindowsUser":"Rabi3","Message":"Logged in","Exception":null,"User":{"email":"Rabih@easyto.shop","Name":"Rabih Kobaissi","UserProfile":"SuperAdmin"},"Order":null,"OrderItem":null}
{"TimeStamp":"2021-09-23 01:22:23","EventLevel":"Information","ComputerName":"HOME","WindowsUser":"Rabi3","Message":"I agree checked status is True","Exception":null,"User":{"email":"Rabih@easyto.shop","Name":"Rabih Kobaissi","UserProfile":"SuperAdmin"},"Order":null,"OrderItem":null}
{"TimeStamp":"2021-09-23 01:22:23","EventLevel":"Information","ComputerName":"HOME","WindowsUser":"Rabi3","Message":"Order Loaded Successfully","Exception":null,"User":{"email":"Rabih@easyto.shop","Name":"Rabih Kobaissi","UserProfile":"SuperAdmin"},"Order":{"OrderId":26,"reference ":"QITNUNLUP","Date":"2021-07-13 11:45:13"},"OrderItem":null}
{"TimeStamp":"2021-09-23 01:22:36","EventLevel":"Information","ComputerName":"HOME","WindowsUser":"Rabi3","Message":"Logged out","Exception":null,"User":{"email":"Rabih@easyto.shop","Name":"Rabih Kobaissi","UserProfile":"SuperAdmin"},"Order":null,"OrderItem":null}
{"TimeStamp":"2021-09-23 01:22:36","EventLevel":"Information","ComputerName":"HOME","WindowsUser":"Rabi3","Message":"Application Closed","Exception":null,"User":{"email":"Rabih@easyto.shop","Name":"Rabih Kobaissi","UserProfile":"SuperAdmin"},"Order":null,"OrderItem":null}
{"TimeStamp":"2021-09-23 01:23:09","EventLevel":"Information","ComputerName":"HOME","WindowsUser":"Rabi3","Message":"Application start","Exception":null,"User":{"email":null,"Name":" ","UserProfile":null},"Order":null,"OrderItem":null}
{"TimeStamp":"2021-09-23 01:23:22","EventLevel":"Information","ComputerName":"HOME","WindowsUser":"Rabi3","Message":"Logged in","Exception":null,"User":{"email":"Rabih@easyto.shop","Name":"Rabih Kobaissi","UserProfile":"SuperAdmin"},"Order":null,"OrderItem":null}
{"TimeStamp":"2021-09-23 01:23:33","EventLevel":"Information","ComputerName":"HOME","WindowsUser":"Rabi3","Message":"I agree checked status is True","Exception":null,"User":{"email":"Rabih@easyto.shop","Name":"Rabih Kobaissi","UserProfile":"SuperAdmin"},"Order":null,"OrderItem":null}
{"TimeStamp":"2021-09-23 01:23:33","EventLevel":"Information","ComputerName":"HOME","WindowsUser":"Rabi3","Message":"Order Loaded Successfully","Exception":null,"User":{"email":"Rabih@easyto.shop","Name":"Rabih Kobaissi","UserProfile":"SuperAdmin"},"Order":{"OrderId":26,"reference ":"QITNUNLUP","Date":"2021-07-13 11:45:13"},"OrderItem":null}
{"TimeStamp":"2021-09-23 01:23:45","EventLevel":"Information","ComputerName":"HOME","WindowsUser":"Rabi3","Message":"Logged out","Exception":null,"User":{"email":"Rabih@easyto.shop","Name":"Rabih Kobaissi","UserProfile":"SuperAdmin"},"Order":null,"OrderItem":null}
{"TimeStamp":"2021-09-23 01:23:45","EventLevel":"Information","ComputerName":"HOME","WindowsUser":"Rabi3","Message":"Application Closed","Exception":null,"User":{"email":"Rabih@easyto.shop","Name":"Rabih Kobaissi","UserProfile":"SuperAdmin"},"Order":null,"OrderItem":null}
{"TimeStamp":"2021-09-23 01:23:46","EventLevel":"Information","ComputerName":"HOME","WindowsUser":"Rabi3","Message":"Application start","Exception":null,"User":{"email":null,"Name":" ","UserProfile":null},"Order":null,"OrderItem":null}
{"TimeStamp":"2021-09-23 01:23:59","EventLevel":"Information","ComputerName":"HOME","WindowsUser":"Rabi3","Message":"Logged in","Exception":null,"User":{"email":"Rabih@easyto.shop","Name":"Rabih Kobaissi","UserProfile":"SuperAdmin"},"Order":null,"OrderItem":null}
{"TimeStamp":"2021-09-23 01:24:47","EventLevel":"Information","ComputerName":"HOME","WindowsUser":"Rabi3","Message":"I agree checked status is False","Exception":null,"User":{"email":"Rabih@easyto.shop","Name":"Rabih Kobaissi","UserProfile":"SuperAdmin"},"Order":null,"OrderItem":null}
{"TimeStamp":"2021-09-23 01:24:49","EventLevel":"Information","ComputerName":"HOME","WindowsUser":"Rabi3","Message":"I agree checked status is True","Exception":null,"User":{"email":"Rabih@easyto.shop","Name":"Rabih Kobaissi","UserProfile":"SuperAdmin"},"Order":null,"OrderItem":null}
{"TimeStamp":"2021-09-23 01:24:49","EventLevel":"Information","ComputerName":"HOME","WindowsUser":"Rabi3","Message":"Order Loaded Successfully","Exception":null,"User":{"email":"Rabih@easyto.shop","Name":"Rabih Kobaissi","UserProfile":"SuperAdmin"},"Order":{"OrderId":26,"reference ":"QITNUNLUP","Date":"2021-07-13 11:45:13"},"OrderItem":null}
